<?xml version="1.0" encoding="utf-8" standalone="no"?>
<!--This file represents the results of running a test suite-->
<test-results name="D:\FreshmanProject\Practice3\Practice3\bin\Debug\Practice3.exe" total="13" errors="0" failures="0" not-run="0" inconclusive="0" ignored="0" skipped="0" invalid="0" date="2021-07-30" time="10:19:18">
  <environment nunit-version="2.6.4.14350" clr-version="2.0.50727.8951" os-version="Microsoft Windows NT 6.2.9200.0" platform="Win32NT" cwd="D:\FreshmanProject\Practice3\Practice3\bin\Debug" machine-name="DESKTOP-UC0G17B" user="OpenCNC" user-domain="DESKTOP-UC0G17B" />
  <culture-info current-culture="zh-TW" current-uiculture="zh-TW" />
  <test-suite type="Assembly" name="D:\FreshmanProject\Practice3\Practice3\bin\Debug\Practice3.exe" executed="True" result="Success" success="True" time="0.104" asserts="0">
    <results>
      <test-suite type="Namespace" name="Practice3" executed="True" result="Success" success="True" time="0.089" asserts="0">
        <results>
          <test-suite type="TestFixture" name="MoneyTest" executed="True" result="Success" success="True" time="0.088" asserts="0">
            <results>
              <test-suite type="ParameterizedTest" name="CheckInput" executed="True" result="Success" success="True" time="0.057" asserts="0">
                <results>
                  <test-case name="Practice3.MoneyTest.CheckInput(&quot;752&quot;)" executed="True" result="Success" success="True" time="0.028" asserts="1" />
                  <test-case name="Practice3.MoneyTest.CheckInput(&quot;+-*/&quot;)" executed="True" result="Success" success="True" time="0.000" asserts="1" />
                  <test-case name="Practice3.MoneyTest.CheckInput(&quot;-1&quot;)" executed="True" result="Success" success="True" time="0.000" asserts="1" />
                  <test-case name="Practice3.MoneyTest.CheckInput(&quot;ten&quot;)" executed="True" result="Success" success="True" time="0.000" asserts="1" />
                  <test-case name="Practice3.MoneyTest.CheckInput(&quot;-526&quot;)" executed="True" result="Success" success="True" time="0.000" asserts="1" />
                  <test-case name="Practice3.MoneyTest.CheckInput(&quot;1&quot;)" executed="True" result="Success" success="True" time="0.000" asserts="1" />
                </results>
              </test-suite>
              <test-suite type="ParameterizedTest" name="CheckMoney" executed="True" result="Success" success="True" time="0.019" asserts="0">
                <results>
                  <test-case name="Practice3.MoneyTest.CheckMoney(35,System.Boolean[])" executed="True" result="Success" success="True" time="0.006" asserts="1" />
                  <test-case name="Practice3.MoneyTest.CheckMoney(123,System.Boolean[])" executed="True" result="Success" success="True" time="0.000" asserts="1" />
                  <test-case name="Practice3.MoneyTest.CheckMoney(85,System.Boolean[])" executed="True" result="Success" success="True" time="0.000" asserts="1" />
                  <test-case name="Practice3.MoneyTest.CheckMoney(936,System.Boolean[])" executed="True" result="Success" success="True" time="0.000" asserts="1" />
                  <test-case name="Practice3.MoneyTest.CheckMoney(15,System.Boolean[])" executed="True" result="Success" success="True" time="0.000" asserts="1" />
                  <test-case name="Practice3.MoneyTest.CheckMoney(78,System.Boolean[])" executed="True" result="Success" success="True" time="0.000" asserts="1" />
                  <test-case name="Practice3.MoneyTest.CheckMoney(0,System.Boolean[])" executed="True" result="Success" success="True" time="0.000" asserts="1" />
                </results>
              </test-suite>
            </results>
          </test-suite>
        </results>
      </test-suite>
    </results>
  </test-suite>
</test-results>